<?xml version="1.0" encoding="utf-8" standalone="no"?>
<test-results xmlns:xsi="http://www.w3.org/2001/XMLSchema-instance" xsi:noNamespaceSchemaLocation="nunit_schema_2.5.xsd" name="Pester" total="13" errors="0" failures="0" not-run="0" inconclusive="0" ignored="0" skipped="0" invalid="0" date="2026-02-24" time="18:37:30">
  <environment os-version="10.0.26200" user-domain="_" cwd="C:\Users\georg\Documents\PowerShell" nunit-version="2.5.8.0" machine-name="_" platform="Microsoft Windows 11 Home|C:\windows|\Device\Harddisk0\Partition3" clr-version="9.0.10" user="georg" />
  <culture-info current-culture="en-US" current-uiculture="en-US" />
  <test-suite type="TestFixture" name="Pester" executed="True" result="Success" success="True" time="5.4803" asserts="0" description="Pester">
    <results>
      <test-suite type="TestFixture" name="C:\Users\georg\Documents\PowerShell\Tests\SecretScanner.Tests.ps1" executed="True" result="Success" success="True" time="5.4803" asserts="0" description="C:\Users\georg\Documents\PowerShell\Tests\SecretScanner.Tests.ps1">
        <results>
          <test-suite type="TestFixture" name="SecretScanner — Offline" executed="True" result="Success" success="True" time="1.625" asserts="0" description="SecretScanner — Offline">
            <results>
              <test-suite type="TestFixture" name="SecretScanner — Offline.Invoke-SecretScan" executed="True" result="Success" success="True" time="1.5122" asserts="0" description="SecretScanner — Offline.Invoke-SecretScan">
                <results>
                  <test-case description="Returns empty array for nonexistent files" name="SecretScanner — Offline.Invoke-SecretScan.Returns empty array for nonexistent files" time="0.8269" asserts="0" success="True" result="Success" executed="True" />
                  <test-case description="Detects Anthropic API key pattern" name="SecretScanner — Offline.Invoke-SecretScan.Detects Anthropic API key pattern" time="0.054" asserts="0" success="True" result="Success" executed="True" />
                  <test-case description="Detects OpenAI API key pattern" name="SecretScanner — Offline.Invoke-SecretScan.Detects OpenAI API key pattern" time="0.0295" asserts="0" success="True" result="Success" executed="True" />
                  <test-case description="Detects generic secret assignment" name="SecretScanner — Offline.Invoke-SecretScan.Detects generic secret assignment" time="0.0321" asserts="0" success="True" result="Success" executed="True" />
                  <test-case description="Skips comment lines" name="SecretScanner — Offline.Invoke-SecretScan.Skips comment lines" time="0.0283" asserts="0" success="True" result="Success" executed="True" />
                  <test-case description="Returns correct file and line number" name="SecretScanner — Offline.Invoke-SecretScan.Returns correct file and line number" time="0.0397" asserts="0" success="True" result="Success" executed="True" />
                  <test-case description="Masks secrets in output" name="SecretScanner — Offline.Invoke-SecretScan.Masks secrets in output" time="0.0488" asserts="0" success="True" result="Success" executed="True" />
                  <test-case description="Handles single-line file without char coercion" name="SecretScanner — Offline.Invoke-SecretScan.Handles single-line file without char coercion" time="0.0627" asserts="0" success="True" result="Success" executed="True" />
                  <test-case description="Returns empty for clean file with no secrets" name="SecretScanner — Offline.Invoke-SecretScan.Returns empty for clean file with no secrets" time="0.0307" asserts="0" success="True" result="Success" executed="True" />
                  <test-case description="Scans multiple files" name="SecretScanner — Offline.Invoke-SecretScan.Scans multiple files" time="0.0407" asserts="0" success="True" result="Success" executed="True" />
                  <test-case description="Does not flag DOM accessor patterns as secrets (getElementById, querySelector)" name="SecretScanner — Offline.Invoke-SecretScan.Does not flag DOM accessor patterns as secrets (getElementById, querySelector)" time="0.046" asserts="0" success="True" result="Success" executed="True" />
                  <test-case description="Still detects real secrets even with DOM-like variable names" name="SecretScanner — Offline.Invoke-SecretScan.Still detects real secrets even with DOM-like variable names" time="0.0341" asserts="0" success="True" result="Success" executed="True" />
                </results>
              </test-suite>
              <test-suite type="TestFixture" name="SecretScanner — Offline.Show-SecretScanReport" executed="True" result="Success" success="True" time="1.5719" asserts="0" description="SecretScanner — Offline.Show-SecretScanReport">
                <results>
                  <test-case description="Produces no output for empty findings" name="SecretScanner — Offline.Show-SecretScanReport.Produces no output for empty findings" time="0.0431" asserts="0" success="True" result="Success" executed="True" />
                </results>
              </test-suite>
            </results>
          </test-suite>
        </results>
      </test-suite>
    </results>
  </test-suite>
</test-results>